<?xml version="1.0" encoding="UTF-8"?>
<!-- Generated by org.testng.reporters.JUnitXMLReporter -->
<testsuite hostname="DESKTOP-DRRO17G" name="default test" tests="4" failures="0" timestamp="6 Nov 2020 13:16:27 GMT" time="0.084" errors="0">
  <testcase name="tc004" time="0.025" classname="framework.testng.TestSuite.Class2"/>
  <testcase name="tc006" time="0.007" classname="framework.testng.TestSuite.Class2"/>
  <testcase name="tc007" time="0.005" classname="framework.testng.TestSuite.Class3"/>
  <testcase name="tc009" time="0.003" classname="framework.testng.TestSuite.Class3"/>
</testsuite> <!-- default test -->
