<?xml version="1.0" encoding="UTF-8"?>
<!-- Generated by org.testng.reporters.JUnitXMLReporter -->
<testsuite hostname="DESKTOP-DRRO17G" name="Command line test" tests="3" failures="1" timestamp="6 Nov 2020 13:50:07 GMT" time="5.105" errors="0">
  <testcase name="launchBrowser" time="0.0" classname="framework.testng.CrossBrowser.CrossBrowser_Test">
    <skipped/>
  </testcase> <!-- launchBrowser -->
  <testcase name="loadApp" time="0.0" classname="framework.testng.CrossBrowser.CrossBrowser_Test">
    <skipped/>
  </testcase> <!-- loadApp -->
  <testcase name="flight_search" time="5.016" classname="framework.testng.CrossBrowser.CrossBrowser_Test">
    <failure type="java.lang.NullPointerException">
      <![CDATA[java.lang.NullPointerException
	at framework.testng.CrossBrowser.CrossBrowser_Test.flight_search(CrossBrowser_Test.java:59)
	at org.infinitest.testrunner.testng.TestNgRunner.runTest(TestNgRunner.java:82)
	at org.infinitest.testrunner.DefaultRunner.runTest(DefaultRunner.java:60)
	at org.infinitest.testrunner.TestRunnerProcess.runTest(TestRunnerProcess.java:70)
	at org.infinitest.testrunner.TestRunnerProcess.writeTestResultToOutputStream(TestRunnerProcess.java:112)
	at org.infinitest.testrunner.TestRunnerProcess.main(TestRunnerProcess.java:89)
... Removed 22 stack frames]]>
    </failure>
  </testcase> <!-- flight_search -->
</testsuite> <!-- Command line test -->
