<?xml version="1.0" encoding="UTF-8"?>
<testng-results skipped="0" failed="0" total="2" passed="2">
  <reporter-output>
  </reporter-output>
  <suite name="Default suite" duration-ms="37247" started-at="2020-11-05T13:49:25Z" finished-at="2020-11-05T13:50:03Z">
    <groups>
    </groups>
    <test name="Default test" duration-ms="37247" started-at="2020-11-05T13:49:25Z" finished-at="2020-11-05T13:50:03Z">
      <class name="framework.testng.WebDriver_Tesng_ClassA">
        <test-method status="PASS" signature="beforeClass()[pri:0, instance:framework.testng.WebDriver_Tesng_ClassA@20e2cbe0]" name="beforeClass" is-config="true" duration-ms="10935" started-at="2020-11-05T19:19:25Z" finished-at="2020-11-05T19:19:36Z">
          <reporter-output>
          </reporter-output>
        </test-method> <!-- beforeClass -->
        <test-method status="PASS" signature="beforeMethod()[pri:0, instance:framework.testng.WebDriver_Tesng_ClassA@20e2cbe0]" name="beforeMethod" is-config="true" duration-ms="3867" started-at="2020-11-05T19:19:36Z" finished-at="2020-11-05T19:19:40Z">
          <reporter-output>
          </reporter-output>
        </test-method> <!-- beforeMethod -->
        <test-method status="PASS" signature="Tc001_Signup_link()[pri:0, instance:framework.testng.WebDriver_Tesng_ClassA@20e2cbe0]" name="Tc001_Signup_link" duration-ms="1983" started-at="2020-11-05T19:19:40Z" finished-at="2020-11-05T19:19:42Z">
          <reporter-output>
          </reporter-output>
        </test-method> <!-- Tc001_Signup_link -->
        <test-method status="PASS" signature="afterMethod(java.lang.reflect.Method)[pri:0, instance:framework.testng.WebDriver_Tesng_ClassA@20e2cbe0]" name="afterMethod" is-config="true" duration-ms="5413" started-at="2020-11-05T19:19:42Z" finished-at="2020-11-05T19:19:48Z">
          <params>
            <param index="0">
              <value>
                <![CDATA[public void framework.testng.WebDriver_Tesng_ClassA.Tc001_Signup_link()]]>
              </value>
            </param>
          </params>
          <reporter-output>
          </reporter-output>
        </test-method> <!-- afterMethod -->
        <test-method status="PASS" signature="beforeMethod()[pri:0, instance:framework.testng.WebDriver_Tesng_ClassA@20e2cbe0]" name="beforeMethod" is-config="true" duration-ms="1077" started-at="2020-11-05T19:19:48Z" finished-at="2020-11-05T19:19:49Z">
          <reporter-output>
          </reporter-output>
        </test-method> <!-- beforeMethod -->
        <test-method status="PASS" signature="Tc002_login_link()[pri:1, instance:framework.testng.WebDriver_Tesng_ClassA@20e2cbe0]" name="Tc002_login_link" duration-ms="1220" started-at="2020-11-05T19:19:49Z" finished-at="2020-11-05T19:19:50Z">
          <reporter-output>
          </reporter-output>
        </test-method> <!-- Tc002_login_link -->
        <test-method status="PASS" signature="afterMethod(java.lang.reflect.Method)[pri:0, instance:framework.testng.WebDriver_Tesng_ClassA@20e2cbe0]" name="afterMethod" is-config="true" duration-ms="3355" started-at="2020-11-05T19:19:50Z" finished-at="2020-11-05T19:19:53Z">
          <params>
            <param index="0">
              <value>
                <![CDATA[public void framework.testng.WebDriver_Tesng_ClassA.Tc002_login_link()]]>
              </value>
            </param>
          </params>
          <reporter-output>
          </reporter-output>
        </test-method> <!-- afterMethod -->
        <test-method status="PASS" signature="afterClass()[pri:0, instance:framework.testng.WebDriver_Tesng_ClassA@20e2cbe0]" name="afterClass" is-config="true" duration-ms="9336" started-at="2020-11-05T19:19:53Z" finished-at="2020-11-05T19:20:03Z">
          <reporter-output>
          </reporter-output>
        </test-method> <!-- afterClass -->
      </class> <!-- framework.testng.WebDriver_Tesng_ClassA -->
    </test> <!-- Default test -->
  </suite> <!-- Default suite -->
</testng-results>
