<?xml version="1.0" encoding="UTF-8"?>
<testng-results skipped="0" failed="0" total="9" passed="9">
  <reporter-output>
  </reporter-output>
  <suite name="Default" duration-ms="104104" started-at="2020-11-06T13:56:12Z" finished-at="2020-11-06T13:57:57Z">
    <groups>
    </groups>
    <test name="test_chrome" duration-ms="37775" started-at="2020-11-06T13:56:12Z" finished-at="2020-11-06T13:56:50Z">
      <class name="framework.testng.CrossBrowser.CrossBrowser_Test">
        <test-method status="PASS" signature="launchBrowser(java.lang.String)[pri:0, instance:framework.testng.CrossBrowser.CrossBrowser_Test@18be83e4]" name="launchBrowser" duration-ms="7523" started-at="2020-11-06T19:26:12Z" finished-at="2020-11-06T19:26:20Z">
          <params>
            <param index="0">
              <value>
                <![CDATA[chrome]]>
              </value>
            </param>
          </params>
          <reporter-output>
          </reporter-output>
        </test-method> <!-- launchBrowser -->
        <test-method status="PASS" signature="loadApp(java.lang.String)[pri:1, instance:framework.testng.CrossBrowser.CrossBrowser_Test@18be83e4]" name="loadApp" duration-ms="18220" started-at="2020-11-06T19:26:20Z" finished-at="2020-11-06T19:26:38Z">
          <params>
            <param index="0">
              <value>
                <![CDATA[http://cleartrip.com]]>
              </value>
            </param>
          </params>
          <reporter-output>
          </reporter-output>
        </test-method> <!-- loadApp -->
        <test-method status="PASS" signature="flight_search()[pri:2, instance:framework.testng.CrossBrowser.CrossBrowser_Test@18be83e4]" name="flight_search" duration-ms="11986" started-at="2020-11-06T19:26:38Z" finished-at="2020-11-06T19:26:50Z">
          <reporter-output>
          </reporter-output>
        </test-method> <!-- flight_search -->
      </class> <!-- framework.testng.CrossBrowser.CrossBrowser_Test -->
    </test> <!-- test_chrome -->
    <test name="test_firefox" duration-ms="38363" started-at="2020-11-06T13:56:12Z" finished-at="2020-11-06T13:56:51Z">
      <class name="framework.testng.CrossBrowser.CrossBrowser_Test">
        <test-method status="PASS" signature="launchBrowser(java.lang.String)[pri:0, instance:framework.testng.CrossBrowser.CrossBrowser_Test@7dc7cbad]" name="launchBrowser" duration-ms="18905" started-at="2020-11-06T19:26:12Z" finished-at="2020-11-06T19:26:31Z">
          <params>
            <param index="0">
              <value>
                <![CDATA[firefox]]>
              </value>
            </param>
          </params>
          <reporter-output>
          </reporter-output>
        </test-method> <!-- launchBrowser -->
        <test-method status="PASS" signature="loadApp(java.lang.String)[pri:1, instance:framework.testng.CrossBrowser.CrossBrowser_Test@7dc7cbad]" name="loadApp" duration-ms="4415" started-at="2020-11-06T19:26:31Z" finished-at="2020-11-06T19:26:36Z">
          <params>
            <param index="0">
              <value>
                <![CDATA[http://cleartrip.com]]>
              </value>
            </param>
          </params>
          <reporter-output>
          </reporter-output>
        </test-method> <!-- loadApp -->
        <test-method status="PASS" signature="flight_search()[pri:2, instance:framework.testng.CrossBrowser.CrossBrowser_Test@7dc7cbad]" name="flight_search" duration-ms="14996" started-at="2020-11-06T19:26:36Z" finished-at="2020-11-06T19:26:51Z">
          <reporter-output>
          </reporter-output>
        </test-method> <!-- flight_search -->
      </class> <!-- framework.testng.CrossBrowser.CrossBrowser_Test -->
    </test> <!-- test_firefox -->
    <test name="test_ie" duration-ms="104104" started-at="2020-11-06T13:56:12Z" finished-at="2020-11-06T13:57:57Z">
      <class name="framework.testng.CrossBrowser.CrossBrowser_Test">
        <test-method status="PASS" signature="launchBrowser(java.lang.String)[pri:0, instance:framework.testng.CrossBrowser.CrossBrowser_Test@4c70fda8]" name="launchBrowser" duration-ms="6672" started-at="2020-11-06T19:26:12Z" finished-at="2020-11-06T19:26:19Z">
          <params>
            <param index="0">
              <value>
                <![CDATA[ie]]>
              </value>
            </param>
          </params>
          <reporter-output>
          </reporter-output>
        </test-method> <!-- launchBrowser -->
        <test-method status="PASS" signature="loadApp(java.lang.String)[pri:1, instance:framework.testng.CrossBrowser.CrossBrowser_Test@4c70fda8]" name="loadApp" duration-ms="6797" started-at="2020-11-06T19:26:19Z" finished-at="2020-11-06T19:26:26Z">
          <params>
            <param index="0">
              <value>
                <![CDATA[http://cleartrip.com]]>
              </value>
            </param>
          </params>
          <reporter-output>
          </reporter-output>
        </test-method> <!-- loadApp -->
        <test-method status="PASS" signature="flight_search()[pri:2, instance:framework.testng.CrossBrowser.CrossBrowser_Test@4c70fda8]" name="flight_search" duration-ms="90558" started-at="2020-11-06T19:26:26Z" finished-at="2020-11-06T19:27:57Z">
          <reporter-output>
          </reporter-output>
        </test-method> <!-- flight_search -->
      </class> <!-- framework.testng.CrossBrowser.CrossBrowser_Test -->
    </test> <!-- test_ie -->
  </suite> <!-- Default -->
</testng-results>
