<?xml version="1.0" encoding="UTF-8"?>
<!-- Generated by org.testng.reporters.JUnitXMLReporter -->
<testsuite hostname="DESKTOP-DRRO17G" name="test_chrome" tests="3" failures="0" timestamp="6 Nov 2020 13:56:50 GMT" time="37.775" errors="0">
  <testcase name="launchBrowser" time="7.523" classname="framework.testng.CrossBrowser.CrossBrowser_Test"/>
  <testcase name="loadApp" time="18.22" classname="framework.testng.CrossBrowser.CrossBrowser_Test"/>
  <testcase name="flight_search" time="11.986" classname="framework.testng.CrossBrowser.CrossBrowser_Test"/>
</testsuite> <!-- test_chrome -->
