<?xml version="1.0" encoding="UTF-8"?>
<!-- Generated by org.testng.reporters.JUnitXMLReporter -->
<testsuite hostname="DESKTOP-DRRO17G" name="test_firefox" tests="3" failures="0" timestamp="6 Nov 2020 13:56:51 GMT" time="38.363" errors="0">
  <testcase name="launchBrowser" time="18.905" classname="framework.testng.CrossBrowser.CrossBrowser_Test"/>
  <testcase name="loadApp" time="4.415" classname="framework.testng.CrossBrowser.CrossBrowser_Test"/>
  <testcase name="flight_search" time="14.996" classname="framework.testng.CrossBrowser.CrossBrowser_Test"/>
</testsuite> <!-- test_firefox -->
