<?xml version="1.0" encoding="UTF-8"?>
<!-- Generated by org.testng.reporters.JUnitXMLReporter -->
<testsuite hostname="DESKTOP-DRRO17G" name="test_ie" tests="3" failures="0" timestamp="6 Nov 2020 13:57:57 GMT" time="104.104" errors="0">
  <testcase name="launchBrowser" time="6.672" classname="framework.testng.CrossBrowser.CrossBrowser_Test"/>
  <testcase name="loadApp" time="6.797" classname="framework.testng.CrossBrowser.CrossBrowser_Test"/>
  <testcase name="flight_search" time="90.558" classname="framework.testng.CrossBrowser.CrossBrowser_Test"/>
</testsuite> <!-- test_ie -->
